Using pre-set license
Built from '2020.3/staging' branch; Version is '2020.3.0f1 (c7b5465681fb) revision 13088070'; Using compiler version '192528614'; Build Type 'Release'
OS: 'Windows 10 Home; OS build 19042.1165; Version 2009; 64bit' Language: 'en' Physical Memory: 16316 MB
BatchMode: 1, IsHumanControllingUs: 0, StartBugReporterOnCrash: 0, Is64bit: 1, IsPro: 0

 COMMAND LINE ARGUMENTS:
C:\Program Files\Unity\Hub\Editor\2020.3.0f1\Editor\Unity.exe
-adb2
-batchMode
-noUpm
-name
AssetImportWorker2
-projectPath
C:/Users/prutm/OneDrive/Documents/NUMMER-1-YEW-GAME-JAM/YEW GAME JAM
-logFile
Logs/AssetImportWorker2.log
-srvPort
50557
Successfully changed project path to: C:/Users/prutm/OneDrive/Documents/NUMMER-1-YEW-GAME-JAM/YEW GAME JAM
C:/Users/prutm/OneDrive/Documents/NUMMER-1-YEW-GAME-JAM/YEW GAME JAM
Using Asset Import Pipeline V2.
Refreshing native plugins compatible for Editor in 35.66 ms, found 1 plugins.
Preloading 0 native plugins for Editor in 0.00 ms.
Initialize engine version: 2020.3.0f1 (c7b5465681fb)
[Subsystems] Discovering subsystems at path C:/Program Files/Unity/Hub/Editor/2020.3.0f1/Editor/Data/Resources/UnitySubsystems
[Subsystems] Discovering subsystems at path C:/Users/prutm/OneDrive/Documents/NUMMER-1-YEW-GAME-JAM/YEW GAME JAM/Assets
GfxDevice: creating device client; threaded=0
Direct3D:
    Version:  Direct3D 11.0 [level 11.1]
    Renderer: NVIDIA GeForce RTX 2060 (ID=0x1f08)
    Vendor:   
    VRAM:     5980 MB
    Driver:   27.21.14.6677
Initialize mono
Mono path[0] = 'C:/Program Files/Unity/Hub/Editor/2020.3.0f1/Editor/Data/Managed'
Mono path[1] = 'C:/Program Files/Unity/Hub/Editor/2020.3.0f1/Editor/Data/MonoBleedingEdge/lib/mono/unityjit'
Mono config path = 'C:/Program Files/Unity/Hub/Editor/2020.3.0f1/Editor/Data/MonoBleedingEdge/etc'
Using monoOptions --debugger-agent=transport=dt_socket,embedding=1,server=y,suspend=n,address=127.0.0.1:56596
Begin MonoManager ReloadAssembly
Registering precompiled unity dll's ...
Register platform support module: C:/Program Files/Unity/Hub/Editor/2020.3.0f1/Editor/Data/PlaybackEngines/WindowsStandaloneSupport/UnityEditor.WindowsStandalone.Extensions.dll
Registered in 0.001812 seconds.
Native extension for WindowsStandalone target not found
Refreshing native plugins compatible for Editor in 32.55 ms, found 1 plugins.
Preloading 0 native plugins for Editor in 0.00 ms.
Invoked RoslynAnalysisRunner static constructor.
RoslynAnalysisRunner will not be running.
RoslynAnalysisRunner has terminated.
Mono: successfully reloaded assembly
- Completed reload, in  2.548 seconds
Platform modules already initialized, skipping
Registering precompiled user dll's ...
Registered in 0.000829 seconds.
Begin MonoManager ReloadAssembly
Native extension for WindowsStandalone target not found
Refreshing native plugins compatible for Editor in 32.91 ms, found 1 plugins.
Preloading 0 native plugins for Editor in 0.00 ms.
Invoked RoslynAnalysisRunner static constructor.
RoslynAnalysisRunner will not be running.
RoslynAnalysisRunner has terminated.
Mono: successfully reloaded assembly
- Completed reload, in  0.838 seconds
Platform modules already initialized, skipping
========================================================================
Worker process is ready to serve import requests
Launched and connected shader compiler UnityShaderCompiler.exe after 0.04 seconds
Refreshing native plugins compatible for Editor in 0.30 ms, found 1 plugins.
Preloading 0 native plugins for Editor in 0.00 ms.
Unloading 1828 Unused Serialized files (Serialized files now loaded: 0)
System memory in use before: 86.7 MB.
System memory in use after: 86.8 MB.

Unloading 19 unused Assets to reduce memory usage. Loaded Objects now: 2277.
Total: 1.665800 ms (FindLiveObjects: 0.180700 ms CreateObjectMapping: 0.074400 ms MarkObjects: 1.351600 ms  DeleteObjects: 0.058300 ms)

========================================================================
Received Import Request.
  path: Assets/Vuilnisbelt/images/istockphoto-918618216-640x640.jpg
  artifactKey: Guid(571f10a1705c1a648a333957e61161cc) Importer(815301076,1909f56bfc062723c751e8b465ee728b)
Start importing Assets/Vuilnisbelt/images/istockphoto-918618216-640x640.jpg using Guid(571f10a1705c1a648a333957e61161cc) Importer(815301076,1909f56bfc062723c751e8b465ee728b)  -> (artifact id: 'dbc7492b1ac4f359df15dfcef80777d3') in 0.102732 seconds
  Import took 0.105592 seconds .

========================================================================
Received Import Request.
  Time since last request: 47.282323 seconds.
  path: Assets/Vuilnisbelt/images/istockphoto-918618216-640x640.jpg
  artifactKey: Guid(571f10a1705c1a648a333957e61161cc) Importer(815301076,1909f56bfc062723c751e8b465ee728b)
Start importing Assets/Vuilnisbelt/images/istockphoto-918618216-640x640.jpg using Guid(571f10a1705c1a648a333957e61161cc) Importer(815301076,1909f56bfc062723c751e8b465ee728b)  -> (artifact id: '879255b94e2762aa17b70b2ac4a5110b') in 0.021136 seconds
  Import took 0.024213 seconds .

========================================================================
Received Import Request.
  Time since last request: 6.096373 seconds.
  path: Assets/Vuilnisbelt/images/istockphoto-918618216-640x640.jpg
  artifactKey: Guid(571f10a1705c1a648a333957e61161cc) Importer(815301076,1909f56bfc062723c751e8b465ee728b)
Start importing Assets/Vuilnisbelt/images/istockphoto-918618216-640x640.jpg using Guid(571f10a1705c1a648a333957e61161cc) Importer(815301076,1909f56bfc062723c751e8b465ee728b)  -> (artifact id: 'b868aad18fff507b94bf78c37063f967') in 0.012121 seconds
  Import took 0.015089 seconds .

========================================================================
Received Import Request.
  Time since last request: 550.653134 seconds.
  path: Assets/Vuilnisbelt/images/mand (2).png
  artifactKey: Guid(3e59189b0040ec04cb1c5b4edbdbb9fc) Importer(815301076,1909f56bfc062723c751e8b465ee728b)
Start importing Assets/Vuilnisbelt/images/mand (2).png using Guid(3e59189b0040ec04cb1c5b4edbdbb9fc) Importer(815301076,1909f56bfc062723c751e8b465ee728b)  -> (artifact id: '9e4aa25c5980320b413cdc40f7b9f190') in 0.016589 seconds
  Import took 0.019626 seconds .

========================================================================
Received Import Request.
  Time since last request: 1008.244632 seconds.
  path: Assets/Vuilnisbelt/images/engine.png
  artifactKey: Guid(08edfa9fc29dcbe42a5e3b11cb4f1dc2) Importer(815301076,1909f56bfc062723c751e8b465ee728b)
Start importing Assets/Vuilnisbelt/images/engine.png using Guid(08edfa9fc29dcbe42a5e3b11cb4f1dc2) Importer(815301076,1909f56bfc062723c751e8b465ee728b)  -> (artifact id: '7e93c3d066c72b9f28e4d1ec73c5188f') in 0.013359 seconds
  Import took 0.017108 seconds .

========================================================================
Received Import Request.
  Time since last request: 0.000300 seconds.
  path: Assets/Vuilnisbelt/images/metal_can.png
  artifactKey: Guid(5f1896ea3cacfa541a8f752c6d970294) Importer(815301076,1909f56bfc062723c751e8b465ee728b)
Start importing Assets/Vuilnisbelt/images/metal_can.png using Guid(5f1896ea3cacfa541a8f752c6d970294) Importer(815301076,1909f56bfc062723c751e8b465ee728b)  -> (artifact id: 'abce281f8a31511bb19af3d8f5e78030') in 0.020152 seconds
  Import took 0.023443 seconds .

========================================================================
Received Import Request.
  Time since last request: 0.000149 seconds.
  path: Assets/Vuilnisbelt/images/engine.png
  artifactKey: Guid(08edfa9fc29dcbe42a5e3b11cb4f1dc2) Importer(815301076,1909f56bfc062723c751e8b465ee728b)
Start importing Assets/Vuilnisbelt/images/engine.png using Guid(08edfa9fc29dcbe42a5e3b11cb4f1dc2) Importer(815301076,1909f56bfc062723c751e8b465ee728b)  -> (artifact id: '7e93c3d066c72b9f28e4d1ec73c5188f') in 0.010649 seconds
  Import took 0.013763 seconds .

========================================================================
Received Import Request.
  Time since last request: 0.000149 seconds.
  path: Assets/Vuilnisbelt/images/funnel (2).png
  artifactKey: Guid(66d2db43e93e54444919e1d0c020dd05) Importer(815301076,1909f56bfc062723c751e8b465ee728b)
Start importing Assets/Vuilnisbelt/images/funnel (2).png using Guid(66d2db43e93e54444919e1d0c020dd05) Importer(815301076,1909f56bfc062723c751e8b465ee728b)  -> (artifact id: '92c02cbedd25ee416a357ee57d92152e') in 0.012079 seconds
  Import took 0.015028 seconds .

========================================================================
Received Import Request.
  Time since last request: 0.005046 seconds.
  path: Assets/Vuilnisbelt/images/funnel (2).png
  artifactKey: Guid(66d2db43e93e54444919e1d0c020dd05) Importer(815301076,1909f56bfc062723c751e8b465ee728b)
Start importing Assets/Vuilnisbelt/images/funnel (2).png using Guid(66d2db43e93e54444919e1d0c020dd05) Importer(815301076,1909f56bfc062723c751e8b465ee728b)  -> (artifact id: '92c02cbedd25ee416a357ee57d92152e') in 0.006497 seconds
  Import took 0.009406 seconds .

========================================================================
Received Import Request.
  Time since last request: 76.927181 seconds.
  path: Assets/Vuilnisbelt/images/metal_can (2).png
  artifactKey: Guid(b2cbbdaf3508ff548af98c95ac5bd295) Importer(815301076,1909f56bfc062723c751e8b465ee728b)
Start importing Assets/Vuilnisbelt/images/metal_can (2).png using Guid(b2cbbdaf3508ff548af98c95ac5bd295) Importer(815301076,1909f56bfc062723c751e8b465ee728b)  -> (artifact id: 'ae5cb8f199a075505be45cf02c5dff7c') in 0.011062 seconds
  Import took 0.014146 seconds .

========================================================================
Received Prepare
Registering precompiled user dll's ...
Registered in 0.001309 seconds.
Begin MonoManager ReloadAssembly
Native extension for WindowsStandalone target not found
Refreshing native plugins compatible for Editor in 0.37 ms, found 1 plugins.
Preloading 0 native plugins for Editor in 0.00 ms.
Invoked RoslynAnalysisRunner static constructor.
RoslynAnalysisRunner will not be running.
RoslynAnalysisRunner has terminated.
Mono: successfully reloaded assembly
- Completed reload, in  0.870 seconds
Platform modules already initialized, skipping
Refreshing native plugins compatible for Editor in 0.31 ms, found 1 plugins.
Preloading 0 native plugins for Editor in 0.00 ms.
Unloading 1805 Unused Serialized files (Serialized files now loaded: 0)
System memory in use before: 88.3 MB.
System memory in use after: 88.5 MB.

Unloading 7 unused Assets to reduce memory usage. Loaded Objects now: 2297.
Total: 2.225400 ms (FindLiveObjects: 0.251400 ms CreateObjectMapping: 0.097900 ms MarkObjects: 1.853300 ms  DeleteObjects: 0.021400 ms)

========================================================================
Received Prepare
Registering precompiled user dll's ...
Registered in 0.000991 seconds.
Begin MonoManager ReloadAssembly
Native extension for WindowsStandalone target not found
Refreshing native plugins compatible for Editor in 0.31 ms, found 1 plugins.
Preloading 0 native plugins for Editor in 0.00 ms.
Invoked RoslynAnalysisRunner static constructor.
RoslynAnalysisRunner will not be running.
RoslynAnalysisRunner has terminated.
Mono: successfully reloaded assembly
- Completed reload, in  0.745 seconds
Platform modules already initialized, skipping
Refreshing native plugins compatible for Editor in 0.32 ms, found 1 plugins.
Preloading 0 native plugins for Editor in 0.00 ms.
Unloading 1805 Unused Serialized files (Serialized files now loaded: 0)
System memory in use before: 88.4 MB.
System memory in use after: 88.5 MB.

Unloading 7 unused Assets to reduce memory usage. Loaded Objects now: 2301.
Total: 1.655000 ms (FindLiveObjects: 0.230100 ms CreateObjectMapping: 0.075800 ms MarkObjects: 1.335400 ms  DeleteObjects: 0.012200 ms)

========================================================================
Received Prepare
Registering precompiled user dll's ...
Registered in 0.000881 seconds.
Begin MonoManager ReloadAssembly
Native extension for WindowsStandalone target not found
Refreshing native plugins compatible for Editor in 0.38 ms, found 1 plugins.
Preloading 0 native plugins for Editor in 0.00 ms.
Invoked RoslynAnalysisRunner static constructor.
RoslynAnalysisRunner will not be running.
RoslynAnalysisRunner has terminated.
Mono: successfully reloaded assembly
- Completed reload, in  0.813 seconds
Platform modules already initialized, skipping
Refreshing native plugins compatible for Editor in 0.31 ms, found 1 plugins.
Preloading 0 native plugins for Editor in 0.00 ms.
Unloading 1805 Unused Serialized files (Serialized files now loaded: 0)
System memory in use before: 88.4 MB.
System memory in use after: 88.5 MB.

Unloading 7 unused Assets to reduce memory usage. Loaded Objects now: 2305.
Total: 1.901600 ms (FindLiveObjects: 0.181000 ms CreateObjectMapping: 0.084700 ms MarkObjects: 1.618600 ms  DeleteObjects: 0.016000 ms)

========================================================================
Received Prepare
Registering precompiled user dll's ...
Registered in 0.000839 seconds.
Begin MonoManager ReloadAssembly
Native extension for WindowsStandalone target not found
Refreshing native plugins compatible for Editor in 0.31 ms, found 1 plugins.
Preloading 0 native plugins for Editor in 0.00 ms.
Invoked RoslynAnalysisRunner static constructor.
RoslynAnalysisRunner will not be running.
RoslynAnalysisRunner has terminated.
Mono: successfully reloaded assembly
- Completed reload, in  0.745 seconds
Platform modules already initialized, skipping
Refreshing native plugins compatible for Editor in 0.31 ms, found 1 plugins.
Preloading 0 native plugins for Editor in 0.00 ms.
Unloading 1805 Unused Serialized files (Serialized files now loaded: 0)
System memory in use before: 88.4 MB.
System memory in use after: 88.5 MB.

Unloading 7 unused Assets to reduce memory usage. Loaded Objects now: 2309.
Total: 1.685800 ms (FindLiveObjects: 0.203100 ms CreateObjectMapping: 0.080300 ms MarkObjects: 1.388700 ms  DeleteObjects: 0.012700 ms)

========================================================================
Received Prepare
Registering precompiled user dll's ...
Registered in 0.000872 seconds.
Begin MonoManager ReloadAssembly
Native extension for WindowsStandalone target not found
Refreshing native plugins compatible for Editor in 0.33 ms, found 1 plugins.
Preloading 0 native plugins for Editor in 0.00 ms.
Invoked RoslynAnalysisRunner static constructor.
RoslynAnalysisRunner will not be running.
RoslynAnalysisRunner has terminated.
Mono: successfully reloaded assembly
- Completed reload, in  0.790 seconds
Platform modules already initialized, skipping
Refreshing native plugins compatible for Editor in 0.34 ms, found 1 plugins.
Preloading 0 native plugins for Editor in 0.00 ms.
Unloading 1805 Unused Serialized files (Serialized files now loaded: 0)
System memory in use before: 88.4 MB.
System memory in use after: 88.5 MB.

Unloading 7 unused Assets to reduce memory usage. Loaded Objects now: 2313.
Total: 2.694200 ms (FindLiveObjects: 0.286100 ms CreateObjectMapping: 0.143700 ms MarkObjects: 2.246900 ms  DeleteObjects: 0.016600 ms)

========================================================================
Received Prepare
Registering precompiled user dll's ...
Registered in 0.000878 seconds.
Begin MonoManager ReloadAssembly
Native extension for WindowsStandalone target not found
Refreshing native plugins compatible for Editor in 0.33 ms, found 1 plugins.
Preloading 0 native plugins for Editor in 0.00 ms.
Invoked RoslynAnalysisRunner static constructor.
RoslynAnalysisRunner will not be running.
RoslynAnalysisRunner has terminated.
Mono: successfully reloaded assembly
- Completed reload, in  0.747 seconds
Platform modules already initialized, skipping
Refreshing native plugins compatible for Editor in 0.34 ms, found 1 plugins.
Preloading 0 native plugins for Editor in 0.00 ms.
Unloading 1805 Unused Serialized files (Serialized files now loaded: 0)
System memory in use before: 88.4 MB.
System memory in use after: 88.6 MB.

Unloading 7 unused Assets to reduce memory usage. Loaded Objects now: 2317.
Total: 1.710900 ms (FindLiveObjects: 0.262400 ms CreateObjectMapping: 0.114900 ms MarkObjects: 1.320000 ms  DeleteObjects: 0.012800 ms)

========================================================================
Received Prepare
Registering precompiled user dll's ...
Registered in 0.001437 seconds.
Begin MonoManager ReloadAssembly
Native extension for WindowsStandalone target not found
Refreshing native plugins compatible for Editor in 0.37 ms, found 1 plugins.
Preloading 0 native plugins for Editor in 0.00 ms.
Invoked RoslynAnalysisRunner static constructor.
RoslynAnalysisRunner will not be running.
RoslynAnalysisRunner has terminated.
Mono: successfully reloaded assembly
- Completed reload, in  0.834 seconds
Platform modules already initialized, skipping
Refreshing native plugins compatible for Editor in 0.31 ms, found 1 plugins.
Preloading 0 native plugins for Editor in 0.00 ms.
Unloading 1805 Unused Serialized files (Serialized files now loaded: 0)
System memory in use before: 88.4 MB.
System memory in use after: 88.6 MB.

Unloading 7 unused Assets to reduce memory usage. Loaded Objects now: 2321.
Total: 2.183200 ms (FindLiveObjects: 0.309900 ms CreateObjectMapping: 0.145300 ms MarkObjects: 1.705000 ms  DeleteObjects: 0.021100 ms)

========================================================================
Received Prepare
Registering precompiled user dll's ...
Registered in 0.000890 seconds.
Begin MonoManager ReloadAssembly
Native extension for WindowsStandalone target not found
Refreshing native plugins compatible for Editor in 0.31 ms, found 1 plugins.
Preloading 0 native plugins for Editor in 0.00 ms.
Invoked RoslynAnalysisRunner static constructor.
RoslynAnalysisRunner will not be running.
RoslynAnalysisRunner has terminated.
Mono: successfully reloaded assembly
- Completed reload, in  0.759 seconds
Platform modules already initialized, skipping
Refreshing native plugins compatible for Editor in 0.33 ms, found 1 plugins.
Preloading 0 native plugins for Editor in 0.00 ms.
Unloading 1805 Unused Serialized files (Serialized files now loaded: 0)
System memory in use before: 88.5 MB.
System memory in use after: 88.6 MB.

Unloading 7 unused Assets to reduce memory usage. Loaded Objects now: 2325.
Total: 2.126800 ms (FindLiveObjects: 0.329500 ms CreateObjectMapping: 0.091800 ms MarkObjects: 1.687000 ms  DeleteObjects: 0.016100 ms)

AssetImportWorkerClient::OnTransportError - code=2 error=End of file
